INFO:root:[2021-04-18 15:38:04.261977]: User Jonathan Lambert sent spam message: 'Camera star stage over something resource.'

INFO:root:[2021-04-18 15:38:04.265965]: User Blake Sullivan sent spam message: 'Figure experience bar.'

INFO:root:[2021-04-18 15:38:06.252140]: User Valerie Wells sent spam message: 'Attack create several stand.'

INFO:root:[2021-04-18 15:38:06.287842]: User Valerie Wells sent spam message: 'Professor do voice save available gas.'

INFO:root:[2021-04-18 15:38:08.312375]: User Jonathan Lambert sent spam message: 'Measure fund region factor success risk.'

INFO:root:[2021-04-18 15:38:08.370798]: User Valerie Wells sent spam message: 'Stage organization hair central news play.'

INFO:root:[2021-04-18 15:38:10.263880]: User Valerie Wells sent spam message: 'War investment night writer analysis involve.'

INFO:root:[2021-04-18 15:38:10.326083]: User Kendra Simmons sent spam message: 'Approach floor something blue personal.'

INFO:root:[2021-04-18 15:38:14.285614]: User Valerie Wells sent spam message: 'Less charge also evidence indicate around.'

INFO:root:[2021-04-18 15:38:14.356038]: User Kendra Simmons sent spam message: 'Main civil mother section bring include.'

INFO:root:[2021-04-18 15:38:16.345209]: User Valerie Wells sent spam message: 'Rest choice throughout decision.'

INFO:root:[2021-04-18 15:38:16.571993]: User Valerie Wells sent spam message: 'Various society remember mouth seat.'

INFO:root:[2021-04-18 15:38:18.360748]: User Jonathan Lambert sent spam message: 'Idea believe I throw network man.'

INFO:root:[2021-04-18 15:38:20.379138]: User Valerie Wells sent spam message: 'Old nice feel event town.'

INFO:root:[2021-04-18 15:38:22.403171]: User Jonathan Lambert sent spam message: 'Beat cover put hold yeah.'

INFO:root:[2021-04-18 15:38:26.313894]: User Valerie Wells sent spam message: 'Family but offer out or.'

INFO:root:[2021-04-18 15:38:26.595145]: User Valerie Wells sent spam message: 'Around spring traditional could.'

INFO:root:[2021-04-18 15:38:28.462020]: User Valerie Wells sent spam message: 'Save bring experience six.'

INFO:root:[2021-04-18 15:38:30.328691]: User Valerie Wells sent spam message: 'Certainly challenge develop national adult.'

INFO:root:[2021-04-18 15:38:30.456291]: User Jonathan Lambert sent spam message: 'Forget lay subject partner common or.'

INFO:root:[2021-04-18 15:38:32.463253]: User Valerie Wells sent spam message: 'Meeting citizen behind institution fire difference.'

INFO:root:[2021-04-18 15:38:34.350526]: User Valerie Wells sent spam message: 'Claim anyone executive near world to material.'

INFO:root:[2021-04-18 15:38:34.506068]: User Valerie Wells sent spam message: 'Their purpose police commercial up alone.'

