INFO:root:[2021-04-18 20:13:56.325283]: User Valerie Wells sent spam message: 'Miss to live.'
INFO:root:[2021-04-18 20:13:58.316263]: User Jonathan Lambert sent spam message: 'Nothing religious your hotel.'
INFO:root:[2021-04-18 20:13:59.316625]: User Kendra Simmons sent spam message: 'Myself nature only write.'
INFO:root:[2021-04-18 20:13:59.362676]: User Valerie Wells sent spam message: 'Member phone perform create administration environment.'
INFO:root:[2021-04-18 20:14:01.322636]: User Valerie Wells sent spam message: 'Position begin white.'
INFO:root:[2021-04-18 20:14:41.580572]: User Vova46 signed in
INFO:root:[2021-04-18 20:14:56.265507]: User Vova46 signed out
INFO:root:[2021-04-18 20:15:21.774853]: User Deborah Miller signed in
INFO:root:[2021-04-18 20:15:21.918312]: User Justin Harris signed in
INFO:root:[2021-04-18 20:15:21.984110]: User Haley Gibson signed in
INFO:root:[2021-04-18 20:15:26.053501]: User Haley Gibson sent spam message: 'Hour month over.'
INFO:root:[2021-04-18 20:15:26.068273]: User Haley Gibson sent spam message: 'Fly require current.'
INFO:root:[2021-04-18 20:15:28.948984]: User Deborah Miller sent spam message: 'East compare bank professional.'
INFO:root:[2021-04-18 20:15:29.089981]: User Haley Gibson sent spam message: 'Fact thousand spring author.'
INFO:root:[2021-04-18 20:15:32.122383]: User Haley Gibson sent spam message: 'Look audience Mrs.'
INFO:root:[2021-04-18 20:15:35.032810]: User Justin Harris sent spam message: 'Force poor someone forget.'
INFO:root:[2021-04-18 20:15:37.130517]: User Haley Gibson sent spam message: 'Doctor describe follow.'
INFO:root:[2021-04-18 20:15:37.970491]: User Deborah Miller sent spam message: 'Quickly mission vote.'
INFO:root:[2021-04-18 20:15:38.146023]: User Haley Gibson sent spam message: 'Beyond focus democratic.'
INFO:root:[2021-04-18 20:15:41.151969]: User Haley Gibson sent spam message: 'Stuff yet challenge individual.'
INFO:root:[2021-04-18 20:15:44.039216]: User Justin Harris sent spam message: 'Establish million leave.'
INFO:root:[2021-04-18 20:15:44.165063]: User Haley Gibson sent spam message: 'Matter mind lay foreign.'
INFO:root:[2021-04-18 20:15:47.052306]: User Justin Harris sent spam message: 'Feel candidate him development build.'
INFO:root:[2021-04-18 20:15:50.007423]: User Deborah Miller sent spam message: 'Occur blood between they message baby.'
INFO:root:[2021-05-29 18:53:10.210208]: User Frederick White sent spam message: 'Lawyer special class its.'
INFO:root:[2021-05-29 18:53:10.219631]: User Frederick White sent spam message: 'Discussion eat suffer ball fact.'
INFO:root:[2021-05-29 18:53:12.231246]: User Frederick White sent spam message: 'Professor relate body trouble former.'
INFO:root:[2021-05-29 18:53:18.256798]: User Frederick White sent spam message: 'Image suffer Democrat yet what day.'
INFO:root:[2021-05-29 18:53:19.098689]: User Carrie Rodriguez sent spam message: 'Hair college defense both second.'
INFO:root:[2021-05-29 18:53:20.269529]: User Frederick White sent spam message: 'Laugh thus give raise at.'
INFO:root:[2021-05-29 18:53:22.244168]: User Frederick White sent spam message: 'These born report.'
INFO:root:[2021-05-29 18:53:22.288873]: User Frederick White sent spam message: 'Traditional suggest individual politics.'
INFO:root:[2021-05-29 18:53:26.253288]: User Tracy Perez sent spam message: 'Husband yourself data draw mention.'
INFO:root:[2021-05-29 18:53:26.299377]: User Angela Bailey sent spam message: 'Individual author east economy.'
INFO:root:[2021-05-29 18:53:28.312501]: User Angela Bailey sent spam message: 'Benefit participant push available phone.'
INFO:root:[2021-05-29 18:53:32.343434]: User Angela Bailey sent spam message: 'Even speak American join school.'
INFO:root:[2021-05-29 18:53:38.296244]: User Denise Mayer sent spam message: 'Entire apply cause.'
INFO:root:[2021-05-29 18:53:38.372465]: User Angela Bailey sent spam message: 'Almost government image pattern hold hair.'
INFO:root:[2021-05-29 18:53:39.137649]: User Angela Bailey sent spam message: 'Throw truth deal.'
INFO:root:[2021-05-29 18:53:40.381607]: User Angela Bailey sent spam message: 'Customer week ever operation.'
INFO:root:[2021-05-29 18:53:42.306721]: User Tracy Perez sent spam message: 'Force practice guess nature large serve.'
INFO:root:[2021-05-29 18:53:42.400746]: User Angela Bailey sent spam message: 'With personal responsibility.'
INFO:root:[2021-05-29 18:53:48.429258]: User Angela Bailey sent spam message: 'Apply field security decide bad especially.'
INFO:root:[2021-05-29 18:53:49.168314]: User Angela Bailey sent spam message: 'Run list everything them movement remain.'
INFO:root:[2021-05-29 18:53:50.317391]: User Angela Bailey sent spam message: 'Certain method across teacher.'
INFO:root:[2021-05-29 18:53:50.441675]: User Tracy Perez sent spam message: 'Admit war account.'
INFO:root:[2021-05-29 18:53:52.455212]: User Angela Bailey sent spam message: 'Lead worker wrong consider believe.'
INFO:root:[2021-05-29 18:53:54.179985]: User Denise Mayer sent spam message: 'Should reality like help room.'
INFO:root:[2021-05-29 18:53:54.336095]: User Angela Bailey sent spam message: 'Wonder floor item.'
INFO:root:[2021-05-29 18:53:58.490811]: User Denise Mayer sent spam message: 'Animal sea participant cell.'
INFO:root:[2021-05-29 18:54:00.496572]: User Angela Bailey sent spam message: 'Activity feel people right specific officer.'
INFO:root:[2021-05-29 18:54:04.199086]: User Tracy Perez sent spam message: 'Consumer get research town rule onto.'
INFO:root:[2021-05-29 18:54:04.511435]: User Denise Mayer sent spam message: 'Land move stuff.'
INFO:root:[2021-05-29 18:54:06.370144]: User Angela Bailey sent spam message: 'Page fear fine indicate.'
INFO:root:[2021-05-29 18:54:06.525180]: User Tracy Perez sent spam message: 'Structure theory religious success sit.'
INFO:root:[2021-05-29 18:54:10.377556]: User Angela Bailey sent spam message: 'Ahead prove group financial appear once.'
INFO:root:[2021-05-29 18:54:10.533097]: User Angela Bailey sent spam message: 'Hair nothing skin but above.'
INFO:root:[2021-05-29 18:54:14.554674]: User Angela Bailey sent spam message: 'Others head wait network.'
INFO:root:[2021-05-29 18:54:16.573465]: User Tracy Perez sent spam message: 'Return increase next.'
INFO:root:[2021-05-29 18:54:22.612861]: User Angela Bailey sent spam message: 'Subject the thing where.'
INFO:root:[2021-05-29 18:54:24.248631]: User Angela Bailey sent spam message: 'Door exist final since.'
INFO:root:[2021-05-29 18:54:30.411905]: User Angela Bailey sent spam message: 'Artist sure the skin call.'
INFO:root:[2021-05-29 18:54:32.653314]: User Denise Mayer sent spam message: 'Inside them toward.'
INFO:root:[2021-05-29 18:54:34.262044]: User Angela Bailey sent spam message: 'Record source happen wife.'
INFO:root:[2021-05-29 18:54:34.420036]: User Angela Bailey sent spam message: 'Section read skill.'
INFO:root:[2021-05-29 18:54:36.670616]: User Angela Bailey sent spam message: 'Change town commercial.'
INFO:root:[2021-05-29 18:54:38.424664]: User Angela Bailey sent spam message: 'Idea take win election.'
INFO:root:[2021-05-29 18:54:38.676908]: User Angela Bailey sent spam message: 'Happen wear community.'
INFO:root:[2021-05-29 18:54:42.443843]: User Tracy Perez sent spam message: 'Change large theory sell.'
INFO:root:[2021-05-29 18:54:42.689384]: User Angela Bailey sent spam message: 'Team challenge language week film.'
INFO:root:[2021-05-29 18:54:44.286303]: User Denise Mayer sent spam message: 'Base scientist north education.'
INFO:root:[2021-05-29 18:54:44.702932]: User Angela Bailey sent spam message: 'Century chair hair.'
INFO:root:[2021-05-29 18:54:46.450738]: User Angela Bailey sent spam message: 'Marriage begin sound sea another.'
INFO:root:[2021-05-29 18:54:49.292316]: User Tracy Perez sent spam message: 'Support feel today TV.'
INFO:root:[2021-05-29 18:54:50.731439]: User Angela Bailey sent spam message: 'Nearly alone executive arm air thought.'
INFO:root:[2021-05-29 18:54:54.306637]: User Tracy Perez sent spam message: 'Rest alone enough.'
INFO:root:[2021-05-29 18:54:54.479157]: User Angela Bailey sent spam message: 'Bank similar benefit two price option.'
INFO:root:[2021-05-29 18:54:59.313411]: User Denise Mayer sent spam message: 'Different ready reach song sort.'
INFO:root:[2021-05-29 18:55:02.789754]: User Ryan Griffin sent spam message: 'Sport same clear will.'
INFO:root:[2021-05-29 18:55:06.496511]: User Sandra Williams sent spam message: 'Player course onto picture.'
INFO:root:[2021-05-29 18:55:08.828897]: User Monica Perez sent spam message: 'Box far letter.'
INFO:root:[2021-05-29 18:55:09.341232]: User Eric Smith sent spam message: 'Allow government realize between particular.'
INFO:root:[2021-05-29 18:55:12.853758]: User Rachel Johnson sent spam message: 'Start service tell recognize garden.'
INFO:root:[2021-05-29 18:55:14.528576]: User Erica Roberson sent spam message: 'Side service music treat.'
INFO:root:[2021-05-29 18:55:18.899620]: User Sandra Williams sent spam message: 'Free put away perform speak.'
INFO:root:[2021-05-29 18:55:24.378331]: User Erica Roberson sent spam message: 'Seem stage company west.'
INFO:root:[2021-05-29 18:55:26.565093]: User Rachel Johnson sent spam message: 'Know after move brother.'
INFO:root:[2021-05-29 18:55:34.402474]: User Monica Perez sent spam message: 'Hard traditional many mother writer the.'
INFO:root:[2021-05-29 18:55:38.575210]: User Sara Brown sent spam message: 'Really vote when.'
INFO:root:[2021-05-29 18:55:39.413863]: User Sandra Williams sent spam message: 'Behind election official teach.'
INFO:root:[2021-05-29 18:55:44.430003]: User Erica Roberson sent spam message: 'Conference rich edge I play Mr.'
INFO:root:[2021-05-29 18:55:49.033462]: User Sandra Williams sent spam message: 'Argue home television doctor.'
INFO:root:[2021-05-29 18:55:50.611921]: User Ryan Griffin sent spam message: 'Way benefit play relate audience.'
INFO:root:[2021-05-29 18:55:51.045117]: User Erica Roberson sent spam message: 'In loss whether image federal girl.'
INFO:root:[2021-05-29 18:55:54.451022]: User Rachel Johnson sent spam message: 'Bank second possible bag civil tell.'
INFO:root:[2021-05-29 18:55:55.059965]: User Maria Jones sent spam message: 'Staff statement word lot explain.'
INFO:root:[2021-05-29 18:55:57.078896]: User Erica Roberson sent spam message: 'Yeah nice bed.'
INFO:root:[2021-05-29 18:55:58.631925]: User Eric Smith sent spam message: 'Big record improve wide trial.'
INFO:root:[2021-05-29 18:55:59.468212]: User Rachel Johnson sent spam message: 'Fight support population study phone within.'
INFO:root:[2021-05-29 18:56:01.104359]: User Erica Roberson sent spam message: 'Day significant maintain half.'
INFO:root:[2021-05-29 18:56:02.639439]: User Rachel Johnson sent spam message: 'Your around pull.'
INFO:root:[2021-05-29 18:56:04.483871]: User Monica Howell sent spam message: 'Heart treatment walk now require.'
INFO:root:[2021-05-29 18:56:05.138121]: User Sandra Williams sent spam message: 'What individual wish.'
INFO:root:[2021-05-29 18:56:06.644666]: User Rachel Johnson sent spam message: 'Eight answer game several issue president.'
INFO:root:[2021-05-29 18:56:07.143204]: User Maria Jones sent spam message: 'Animal firm effort letter.'
INFO:root:[2021-05-29 18:56:09.499180]: User Erica Roberson sent spam message: 'Help cut agency everyone image woman.'
INFO:root:[2021-05-29 18:56:15.192474]: User Rachel Johnson sent spam message: 'Power decade agent once war.'
INFO:root:[2021-05-29 18:56:17.210375]: User Maria Jones sent spam message: 'Response at until follow piece.'
INFO:root:[2021-05-29 18:56:18.682892]: User Monica Perez sent spam message: 'Several memory blue call president.'
INFO:root:[2021-05-29 18:56:19.519464]: User Erica Roberson sent spam message: 'Situation environment field.'
INFO:root:[2021-05-29 18:56:21.237092]: User Erica Roberson sent spam message: 'Police item very area remember.'
INFO:root:[2021-05-29 18:56:22.687752]: User Rachel Johnson sent spam message: 'Across field way reveal today movie.'
INFO:root:[2021-05-29 18:56:24.538253]: User Sean White sent spam message: 'Feel for able he.'
INFO:root:[2021-05-29 18:56:25.253800]: User Erica Roberson sent spam message: 'Task police nation open show.'
INFO:root:[2021-05-29 18:56:29.264971]: User Rachel Johnson sent spam message: 'Old some network later represent.'
INFO:root:[2021-05-29 18:56:29.548901]: User Rachel Johnson sent spam message: 'Action opportunity physical listen see.'
INFO:root:[2021-05-29 18:56:30.711612]: User Maria Jones sent spam message: 'Trial call various.'
INFO:root:[2021-05-29 18:56:31.270348]: User Erica Roberson sent spam message: 'During although evening a city way.'
INFO:root:[2021-05-29 18:56:33.277038]: User Sara Brown sent spam message: 'These professional rock stuff.'
INFO:root:[2021-05-29 18:56:34.559230]: User Ryan Griffin sent spam message: 'House also role.'
INFO:root:[2021-05-29 18:56:37.290974]: User Rachel Johnson sent spam message: 'Score fast someone.'
INFO:root:[2021-05-29 18:56:41.312390]: User Erica Roberson sent spam message: 'Others painting modern.'
INFO:root:[2021-05-29 18:56:42.745809]: User Monica Howell sent spam message: 'Gun expect city.'
INFO:root:[2021-05-29 18:56:43.322510]: User Rachel Johnson sent spam message: 'Opportunity reveal also push tough carry.'
INFO:root:[2021-05-29 18:56:45.340817]: User Sean White sent spam message: 'State short positive.'
INFO:root:[2021-05-29 18:56:47.358682]: User Erica Roberson sent spam message: 'Hot blue whole enjoy gas.'
INFO:root:[2021-05-29 18:56:49.377002]: User Eric Smith sent spam message: 'Community material management.'
INFO:root:[2021-05-29 18:56:51.387296]: User Rachel Johnson sent spam message: 'Friend seek thus power.'
INFO:root:[2021-05-29 18:56:54.608751]: User Erica Roberson sent spam message: 'Finish prevent argue.'
INFO:root:[2021-05-29 18:56:54.780509]: User Maria Jones sent spam message: 'Able you behind head.'
INFO:root:[2021-05-29 18:56:59.626259]: User Ryan Griffin sent spam message: 'Bill finally always moment.'
INFO:root:[2021-05-29 18:57:01.429932]: User Rachel Johnson sent spam message: 'Forget work TV situation.'
INFO:root:[2021-05-29 18:57:04.636873]: User Erica Roberson sent spam message: 'Knowledge firm any.'
INFO:root:[2021-05-29 18:57:07.476061]: User Erica Roberson sent spam message: 'Company example day another finally.'
INFO:root:[2021-05-29 18:57:10.825274]: User Sean White sent spam message: 'Effect especially benefit north.'
INFO:root:[2021-05-29 18:57:11.494115]: User Erica Roberson sent spam message: 'Conference many experience involve hold.'
INFO:root:[2021-05-29 18:57:14.842982]: User Erica Roberson sent spam message: 'Partner environment across team close.'
INFO:root:[2021-05-29 18:57:15.512868]: User Eric Smith sent spam message: 'Concern region peace remain.'
INFO:root:[2021-05-29 18:57:19.530328]: User Ryan Griffin sent spam message: 'Station sense back.'
INFO:root:[2021-05-29 18:57:19.668874]: User Monica Howell sent spam message: 'Mention voice Congress question future.'
INFO:root:[2021-05-29 18:57:21.544169]: User Sandra Williams sent spam message: 'Conference decide set summer soon open.'
INFO:root:[2021-05-29 18:57:23.559388]: User Erica Roberson sent spam message: 'Music should his strategy prepare.'
INFO:root:[2021-05-29 18:57:25.567012]: User Rachel Johnson sent spam message: 'Often police feeling place certainly.'
INFO:root:[2021-05-29 18:57:29.601851]: User Erica Roberson sent spam message: 'Learn professor end manage its truth.'
INFO:root:[2021-05-29 18:57:30.876541]: User Rachel Johnson sent spam message: 'Garden ground court we teach seek.'
INFO:root:[2021-05-29 18:57:31.617381]: User Sean White sent spam message: 'Middle say feeling.'
INFO:root:[2021-05-29 18:57:33.623519]: User Sara Brown sent spam message: 'Bar how trial feeling think.'
INFO:root:[2021-05-29 18:57:35.629853]: User Sandra Williams sent spam message: 'From vote move everything cultural look.'
INFO:root:[2021-05-29 18:57:37.644515]: User Maria Jones sent spam message: 'Stage design program deep information.'
INFO:root:[2021-05-29 18:57:43.668827]: User Eric Smith sent spam message: 'Prepare rule none allow upon stock.'
INFO:root:[2021-05-29 18:57:44.740686]: User Sean White sent spam message: 'Walk of better section.'
INFO:root:[2021-05-29 18:57:45.676647]: User Erica Roberson sent spam message: 'Have west hand assume stage movie.'
INFO:root:[2021-05-29 18:57:46.915895]: User Rachel Johnson sent spam message: 'Another none human task loss believe.'
INFO:root:[2021-05-29 18:57:49.697116]: User Maria Jones sent spam message: 'Far girl bar account close follow.'
INFO:root:[2021-05-29 18:57:59.783222]: User Rachel Johnson sent spam message: 'Be travel among power born responsibility.'
INFO:root:[2021-05-29 18:58:01.743262]: User Rachel Johnson sent spam message: 'Member hard new total shake.'
INFO:root:[2021-05-29 18:58:02.944536]: User Maria Jones sent spam message: 'Allow safe environmental.'
INFO:root:[2021-05-29 18:58:04.790042]: User Erica Roberson sent spam message: 'General mean can it.'
INFO:root:[2021-05-29 18:58:10.981323]: User Erica Roberson sent spam message: 'From safe outside seek.'
INFO:root:[2021-05-29 18:58:11.786288]: User Monica Perez sent spam message: 'Pattern next Republican.'
INFO:root:[2021-05-29 18:58:14.807524]: User Maria Jones sent spam message: 'Land a home.'
INFO:root:[2021-05-29 18:58:14.992873]: User Rachel Johnson sent spam message: 'Room road purpose can.'
INFO:root:[2021-05-29 18:58:15.806468]: User Erica Roberson sent spam message: 'Bit sure detail challenge letter.'
INFO:root:[2021-05-29 18:58:17.818662]: User Erica Roberson sent spam message: 'Test out way baby.'
INFO:root:[2021-05-29 18:58:18.997865]: User Sean White sent spam message: 'Line whom much miss step.'
INFO:root:[2021-05-29 19:47:00.811621]: User Rachel Johnson sent spam message: 'At law institution employee customer.'
INFO:root:[2021-05-29 19:47:00.813645]: User Ryan Griffin sent spam message: 'Early picture reveal list theory.'
INFO:root:[2021-05-29 19:47:00.815619]: User Rachel Johnson sent spam message: 'Huge goal study language.'
INFO:root:[2021-05-29 19:47:02.824059]: User Erica Roberson sent spam message: 'Control culture despite strong.'
INFO:root:[2021-05-29 19:47:02.827055]: User Sean White sent spam message: 'Start recently care use admit book.'
INFO:root:[2021-05-29 19:47:04.839322]: User Monica Howell sent spam message: 'Involve door factor design.'
INFO:root:[2021-05-29 19:47:08.869384]: User Eric Smith sent spam message: 'Happy present can under.'
INFO:root:[2021-05-29 19:47:12.889006]: User Rachel Johnson sent spam message: 'Because property develop mission through.'
INFO:root:[2021-05-29 19:47:14.883777]: User Erica Roberson sent spam message: 'Way another sign impact easy drug.'
INFO:root:[2021-05-29 19:47:17.171456]: User Raymond Macias signed in
INFO:root:[2021-05-29 19:47:17.249456]: User Tiffany Lawrence signed in
INFO:root:[2021-05-29 19:47:17.314456]: User Victoria Young signed in
INFO:root:[2021-05-29 19:47:17.376455]: User Jessica Cruz signed in
INFO:root:[2021-05-29 19:47:17.439456]: User Ryan Parker signed in
INFO:root:[2021-05-29 19:47:17.507035]: User Chad Riley signed in
INFO:root:[2021-05-29 19:47:18.897000]: User Erica Roberson sent spam message: 'Between truth fight before color Congress.'
INFO:root:[2021-05-29 19:47:18.912768]: User Ryan Griffin sent spam message: 'Treat ball space.'
INFO:root:[2021-05-29 19:47:19.643570]: User Donald Miller signed in
INFO:root:[2021-05-29 19:47:19.727714]: User Jasmine Joseph signed in
INFO:root:[2021-05-29 19:47:19.792715]: User Mackenzie Allen signed in
INFO:root:[2021-05-29 19:47:19.856715]: User Christian Chaney signed in
INFO:root:[2021-05-29 19:47:20.912193]: User Sandra Williams sent spam message: 'Everyone argue skill true spring.'
INFO:root:[2021-05-29 19:47:26.957696]: User Rachel Johnson sent spam message: 'Police point page quite.'
INFO:root:[2021-05-29 19:47:28.960143]: User Eric Smith sent spam message: 'Pass particular more project woman there.'
INFO:root:[2021-05-29 19:47:28.975097]: User Sean White sent spam message: 'Song everyone agent human picture.'
INFO:root:[2021-05-29 19:47:30.989748]: User Erica Roberson sent spam message: 'Kitchen cold success responsibility his every.'
INFO:root:[2021-05-29 19:47:32.988672]: User Sandra Williams sent spam message: 'Tell many activity.'
INFO:root:[2021-05-29 19:47:35.003339]: User Rachel Johnson sent spam message: 'Between fly the your trouble.'
INFO:root:[2021-05-29 19:47:37.022124]: User Monica Howell sent spam message: 'Themselves within spend blood.'
INFO:root:[2021-05-29 19:47:37.023131]: User Erica Roberson sent spam message: 'Music return someone garden per young.'
INFO:root:[2021-05-29 19:47:39.043208]: User Ryan Griffin sent spam message: 'Never second customer.'
INFO:root:[2021-05-29 19:47:41.050744]: User Erica Roberson sent spam message: 'Piece idea theory old clearly.'
INFO:root:[2021-05-29 19:47:43.054440]: User Maria Jones sent spam message: 'Operation former color better region.'
INFO:root:[2021-05-29 19:47:45.072243]: User Erica Roberson sent spam message: 'Soon save phone.'
INFO:root:[2021-05-29 19:47:47.077067]: User Rachel Johnson sent spam message: 'At in home economic.'
INFO:root:[2021-05-29 19:47:49.083614]: User Eric Smith sent spam message: 'Open sort economic.'
INFO:root:[2021-05-29 19:47:51.102226]: User Rachel Johnson sent spam message: 'Southern suddenly son pay after spring.'
INFO:root:[2021-05-29 19:47:51.102226]: User Maria Jones sent spam message: 'Consumer quality build marriage thousand.'
INFO:root:[2021-05-29 19:47:57.127965]: User Sandra Williams sent spam message: 'Dinner manage floor.'
INFO:root:[2021-05-29 19:47:59.132959]: User Rachel Johnson sent spam message: 'Stay pressure treat suggest.'
INFO:root:[2021-05-29 19:48:05.170285]: User Sean White sent spam message: 'Next race dream sort kitchen relate.'
INFO:root:[2021-05-29 19:48:05.170285]: User Erica Roberson sent spam message: 'Able generation tax.'
INFO:root:[2021-05-29 19:48:05.935191]: User Rachel Johnson sent spam message: 'Son late success.'
INFO:root:[2021-05-29 19:48:07.179130]: User Sandra Williams sent spam message: 'Popular ready trial both.'
INFO:root:[2021-05-29 19:48:09.191768]: User Maria Jones sent spam message: 'Air arrive foot.'
INFO:root:[2021-05-29 19:48:09.192767]: User Erica Roberson sent spam message: 'Color piece officer where.'
INFO:root:[2021-05-29 19:48:11.202928]: User Eric Smith sent spam message: 'Relationship that official finish bag.'
INFO:root:[2021-05-29 19:48:17.241045]: User Rachel Johnson sent spam message: 'Only end always thousand total.'
INFO:root:[2021-05-29 19:48:17.242099]: User Erica Roberson sent spam message: 'Try able national do.'
INFO:root:[2021-05-29 19:48:19.256147]: User Sara Brown sent spam message: 'Already stop into practice.'
INFO:root:[2021-05-29 19:48:21.261664]: User Sandra Williams sent spam message: 'Along modern administration send region history.'
INFO:root:[2021-05-29 19:48:23.275003]: User Sean White sent spam message: 'Democratic arm realize teacher stuff against.'
INFO:root:[2021-05-29 19:48:25.277955]: User Erica Roberson sent spam message: 'Mission soon then.'
INFO:root:[2021-05-29 19:48:27.295252]: User Rachel Johnson sent spam message: 'Really drive political later society new.'
INFO:root:[2021-05-29 19:48:29.301783]: User Erica Roberson sent spam message: 'Whatever individual education computer explain land.'
INFO:root:[2021-05-29 19:48:29.302784]: User Ryan Griffin sent spam message: 'Little its particular tell above politics.'
INFO:root:[2021-05-29 19:48:33.331115]: User Erica Roberson sent spam message: 'Buy find into admit out.'
INFO:root:[2021-05-29 19:48:35.337432]: User Monica Howell sent spam message: 'Do natural other camera visit.'
INFO:root:[2021-05-29 19:48:36.002700]: User Sean White sent spam message: 'Condition go develop note.'
INFO:root:[2021-05-29 19:48:37.349119]: User Rachel Johnson sent spam message: 'Career daughter control.'
INFO:root:[2021-05-29 19:48:41.020751]: User Maria Jones sent spam message: 'Month baby issue.'
INFO:root:[2021-05-29 19:48:41.363948]: User Sean White sent spam message: 'Kind above also bank himself.'
INFO:root:[2021-05-29 19:48:46.025561]: User Erica Roberson sent spam message: 'Avoid so power rate doctor.'
INFO:root:[2021-05-29 19:48:47.408253]: User Rachel Johnson sent spam message: 'Central case among term.'
INFO:root:[2021-05-29 19:48:49.421801]: User Ryan Griffin sent spam message: 'Fill close national.'
INFO:root:[2021-05-29 19:48:51.035033]: User Erica Roberson sent spam message: 'Employee sign how.'
INFO:root:[2021-05-29 19:48:51.436443]: User Erica Roberson sent spam message: 'There party write test purpose audience.'
INFO:root:[2021-05-29 19:48:51.436443]: User Rachel Johnson sent spam message: 'Audience safe reason lay woman.'
INFO:root:[2021-05-29 19:48:53.447976]: User Rachel Johnson sent spam message: 'Interview successful health food.'
INFO:root:[2021-05-29 19:48:56.054193]: User Eric Smith sent spam message: 'Range customer his the.'
INFO:root:[2021-05-29 19:48:57.465556]: User Rachel Johnson sent spam message: 'Eat still government perhaps fight.'
INFO:root:[2021-05-29 19:48:59.475342]: User Rachel Johnson sent spam message: 'Congress simple us there sea reality.'
INFO:root:[2021-05-29 19:49:01.059500]: User Erica Roberson sent spam message: 'Structure evening card.'
INFO:root:[2021-05-29 19:49:01.477442]: User Erica Roberson sent spam message: 'Floor whole beyond.'
INFO:root:[2021-05-29 19:49:01.493029]: User Rachel Johnson sent spam message: 'During always figure first.'
INFO:root:[2021-05-29 19:49:03.491807]: User Maria Jones sent spam message: 'Play real forget civil whatever Mrs.'
INFO:root:[2021-05-29 19:49:03.507550]: User Monica Howell sent spam message: 'Stuff black us movie.'
INFO:root:[2021-05-29 19:49:06.073742]: User Erica Roberson sent spam message: 'Alone ability as magazine late.'
INFO:root:[2021-05-29 19:49:07.515153]: User Sara Brown sent spam message: 'Degree one sound audience.'
INFO:root:[2021-05-29 19:49:09.533809]: User Rachel Johnson sent spam message: 'Thing source degree summer.'
INFO:root:[2021-05-29 19:49:11.547603]: User Monica Perez sent spam message: 'Phone election relate more customer.'
INFO:root:[2021-05-29 19:49:11.548599]: User Erica Roberson sent spam message: 'Actually give last candidate believe machine.'
INFO:root:[2021-05-29 19:49:13.561852]: User Maria Jones sent spam message: 'Choose pay black recent country.'
INFO:root:[2021-05-29 19:49:17.577677]: User Rachel Johnson sent spam message: 'Cultural throw consumer maybe house war.'
INFO:root:[2021-05-29 19:49:19.591350]: User Erica Roberson sent spam message: 'Institution really four meeting subject four.'
INFO:root:[2021-05-29 19:49:19.606248]: User Sandra Williams sent spam message: 'Way do us hundred.'
INFO:root:[2021-05-29 19:49:21.098303]: User Rachel Johnson sent spam message: 'Skin strategy cover identify size.'
INFO:root:[2021-05-29 19:49:23.640424]: User Rachel Johnson sent spam message: 'Choose system get sell visit.'
INFO:root:[2021-05-29 19:49:27.659642]: User Sara Watts sent spam message: 'Letter station you.'
INFO:root:[2021-05-29 19:49:31.676648]: User Alfred Smith sent spam message: 'Spring determine movement leader space.'
INFO:root:[2021-05-29 19:49:33.665102]: User Adam Johnson sent spam message: 'Loss glass minute arrive chance.'
INFO:root:[2021-05-29 19:49:33.696257]: User Sara Watts sent spam message: 'Quality anyone participant reflect today style.'
INFO:root:[2021-05-29 19:49:35.676948]: User Dr. Jason Reynolds sent spam message: 'Girl various amount pull.'
INFO:root:[2021-05-29 19:49:35.707988]: User Kathleen Sexton MD sent spam message: 'Edge how exist realize stuff.'
INFO:root:[2021-05-29 19:49:36.129049]: User Aaron Macias sent spam message: 'Word represent any represent carry kind.'
INFO:root:[2021-05-29 19:49:41.707657]: User Andrea Clark sent spam message: 'Head prevent house young design animal.'
INFO:root:[2021-05-29 19:49:43.719035]: User Adam Johnson sent spam message: 'Bar building according then.'
INFO:root:[2021-05-29 19:49:45.753138]: User Sara Watts sent spam message: 'Always these appear account stand on.'
INFO:root:[2021-05-29 19:49:46.141695]: User Kathleen Sexton MD sent spam message: 'Thousand gas can class.'
INFO:root:[2021-05-29 19:49:47.750809]: User Aaron Macias sent spam message: 'Smile upon represent.'
INFO:root:[2021-05-29 19:49:47.766460]: User Dr. Jason Reynolds sent spam message: 'Suddenly in between.'
INFO:root:[2021-05-29 19:49:49.757620]: User Adam Johnson sent spam message: 'Huge nice generation wide.'
INFO:root:[2021-05-29 19:49:49.773019]: User Todd Holmes sent spam message: 'Show forget go much.'
INFO:root:[2021-05-29 19:49:51.156526]: User Kathleen Sexton MD sent spam message: 'Record carry bag entire cut half.'
INFO:root:[2021-05-29 19:49:53.778553]: User Sara Watts sent spam message: 'Any identify school beyond.'
INFO:root:[2021-05-29 19:49:57.808911]: User Adam Johnson sent spam message: 'Lay ahead enough now strong.'
INFO:root:[2021-05-29 19:49:57.824179]: User Alfred Smith sent spam message: 'Theory whom quite.'
INFO:root:[2021-05-29 19:50:01.867703]: User Andrea Clark sent spam message: 'Free until catch possible special officer.'
INFO:root:[2021-05-29 19:50:03.842000]: User Kathleen Sexton MD sent spam message: 'Price write many.'
INFO:root:[2021-05-29 19:50:03.887062]: User Adam Johnson sent spam message: 'Matter against look.'
INFO:root:[2021-05-29 19:50:05.852946]: User Sara Watts sent spam message: 'Peace visit foot professor determine effort.'
INFO:root:[2021-05-29 20:13:11.029818]: User William Carter sent spam message: 'Cause husband her scene investment event.'
INFO:root:[2021-05-29 20:13:11.975721]: User Dr. Jason Reynolds sent spam message: 'Despite old force hard.'
INFO:root:[2021-05-29 20:13:13.037206]: User Adam Johnson sent spam message: 'Phone join finish.'
INFO:root:[2021-05-29 20:13:14.982359]: User Kathleen Sexton MD sent spam message: 'Outside parent which call.'
INFO:root:[2021-05-29 20:13:15.044462]: User Todd Holmes sent spam message: 'People effect answer his street.'
INFO:root:[2021-05-29 20:13:19.071985]: User Andrea Clark sent spam message: 'Teach budget one no.'
INFO:root:[2021-05-29 20:13:23.099580]: User Kathleen Sexton MD sent spam message: 'Space end in increase will.'
INFO:root:[2021-05-29 20:13:25.112461]: User Sara Watts sent spam message: 'Born outside move cover former.'
INFO:root:[2021-05-29 20:13:29.077389]: User Alfred Smith sent spam message: 'Again clear perhaps.'
INFO:root:[2021-05-29 20:13:29.079404]: User Adam Johnson sent spam message: 'And month machine since.'
INFO:root:[2021-05-29 20:49:32.144988]: User Kristie Yates signed in
INFO:root:[2021-05-29 20:49:32.216994]: User Pamela Morrison signed in
INFO:root:[2021-05-29 20:49:32.295989]: User David Trevino signed in
INFO:root:[2021-05-29 20:49:32.368990]: User Kenneth Larson signed in
INFO:root:[2021-05-29 20:49:34.504272]: User Francisco Marks signed in
INFO:root:[2021-05-29 20:49:34.574866]: User Matthew Montgomery signed in
INFO:root:[2021-05-29 20:49:34.648866]: User Tony Pruitt signed in
INFO:root:[2021-05-29 20:49:34.730683]: User Antonio Walters signed in
INFO:root:[2021-05-29 20:49:34.802684]: User Brandy Lee signed in
INFO:root:[2021-05-29 20:49:34.868686]: User Matthew Torres signed in
INFO:root:[2021-05-29 20:49:38.842254]: User Francisco Marks sent spam message: 'Professional matter science.'
INFO:root:[2021-05-29 20:49:39.764872]: User Tony Pruitt sent spam message: 'News offer once usually.'
INFO:root:[2021-05-29 20:49:40.874170]: User Matthew Torres sent spam message: 'System yeah foreign good outside.'
INFO:root:[2021-05-29 20:49:41.480193]: User Brandy Lee sent spam message: 'Society now data far wonder own.'
INFO:root:[2021-05-29 20:49:44.772085]: User Kristie Yates sent spam message: 'Get win hold only.'
INFO:root:[2021-05-29 20:49:46.903646]: User Kenneth Larson sent spam message: 'Any high drop respond work.'
INFO:root:[2021-05-29 20:49:47.502933]: User Matthew Torres sent spam message: 'Never fill enjoy feel fear several.'
INFO:root:[2021-05-29 20:49:52.944735]: User Pamela Morrison sent spam message: 'Against human others myself director.'
INFO:root:[2021-05-29 20:49:54.784942]: User Matthew Montgomery sent spam message: 'Receive painting clearly positive pattern.'
INFO:root:[2021-05-29 20:49:54.957743]: User David Trevino sent spam message: 'Trouble service you question red.'
INFO:root:[2021-05-29 20:49:58.996247]: User Tony Pruitt sent spam message: 'Son perform manager on.'
INFO:root:[2021-05-29 20:49:59.539827]: User Matthew Montgomery sent spam message: 'Positive follow several even.'
INFO:root:[2021-05-29 20:50:01.002876]: User Antonio Walters sent spam message: 'Law check research image.'
INFO:root:[2021-05-29 20:50:02.559120]: User Kristie Yates sent spam message: 'Item stock thing rate realize certain.'
INFO:root:[2021-05-29 20:50:28.700913]: User Jenna Singh signed in
INFO:root:[2021-05-29 20:50:28.773953]: User Bruce Vazquez signed in
INFO:root:[2021-05-29 20:50:28.857836]: User Russell Gomez signed in
INFO:root:[2021-05-29 20:50:28.934097]: User Laura Calhoun signed in
INFO:root:[2021-05-29 20:50:29.002097]: User April Miller signed in
INFO:root:[2021-05-29 20:50:31.172586]: User Christopher Smith signed in
INFO:root:[2021-05-29 20:50:33.355817]: User Nicole White signed in
INFO:root:[2021-05-29 20:50:33.428815]: User Virginia Mahoney signed in
INFO:root:[2021-05-29 20:50:33.511193]: User Hector Mosley signed in
INFO:root:[2021-05-29 20:50:33.587714]: User Sean Cochran signed in
INFO:root:[2021-05-29 20:50:37.526983]: User Sean Cochran sent spam message: 'Performance fine feeling property short also.'
INFO:root:[2021-05-29 20:50:39.366723]: User Russell Gomez sent spam message: 'Right high hold.'
INFO:root:[2021-05-29 20:50:39.538713]: User Jenna Singh sent spam message: 'May whether interest leave become seven.'
INFO:root:[2021-05-29 20:50:42.382369]: User Russell Gomez sent spam message: 'Season child contain stop continue.'
INFO:root:[2021-05-29 20:50:44.130664]: User Laura Calhoun sent spam message: 'Buy could election decision.'
INFO:root:[2021-05-29 20:50:45.570616]: User Russell Gomez sent spam message: 'Else open be choose surface administration.'
INFO:root:[2021-05-29 20:50:48.405552]: User Bruce Vazquez sent spam message: 'Full soon thing seat above how.'
INFO:root:[2021-05-29 20:50:49.602905]: User Jenna Singh sent spam message: 'Area need case material city.'
INFO:root:[2021-05-29 20:50:51.609364]: User Russell Gomez sent spam message: 'Century tree oil weight race scene.'
INFO:root:[2021-05-29 20:50:53.637362]: User Laura Calhoun sent spam message: 'Be dog traditional participant clear major.'
INFO:root:[2021-05-29 20:50:54.154665]: User Russell Gomez sent spam message: 'Risk start enough outside.'
INFO:root:[2021-05-29 20:50:54.433671]: User Jenna Singh sent spam message: 'Mother member sea himself.'
INFO:root:[2021-05-29 20:50:57.441792]: User Nicole White sent spam message: 'Increase tell between interview into authority.'
INFO:root:[2021-05-29 20:50:57.660399]: User Russell Gomez sent spam message: 'Big investment will.'
INFO:root:[2021-05-29 20:50:59.167449]: User Christopher Smith sent spam message: 'Successful news home along.'
INFO:root:[2021-05-29 20:51:52.318655]: User Christopher Ellis signed in
INFO:root:[2021-05-29 20:51:54.439610]: User Elizabeth Garcia signed in
INFO:root:[2021-05-29 20:51:54.539724]: User Katherine Bowman signed in
INFO:root:[2021-05-29 20:51:54.615724]: User April Cross signed in
INFO:root:[2021-05-29 20:51:54.686723]: User Timothy Walker signed in
INFO:root:[2021-05-29 20:51:54.767737]: User Randall Duncan signed in
INFO:root:[2021-05-29 20:51:54.850725]: User Cheryl Farrell signed in
INFO:root:[2021-05-29 20:51:54.939627]: User Paul Brown signed in
INFO:root:[2021-05-29 20:51:55.006627]: User Brittany Edwards signed in
INFO:root:[2021-05-29 20:51:55.075628]: User Michael Kelly signed in
INFO:root:[2021-05-29 20:51:57.648751]: User Katherine Bowman sent spam message: 'Soldier woman start loss story.'
INFO:root:[2021-05-29 20:51:58.883446]: User Cheryl Farrell sent spam message: 'Woman activity recent like hour.'
INFO:root:[2021-05-29 20:52:00.654063]: User Paul Brown sent spam message: 'Medical against five.'
INFO:root:[2021-05-29 20:52:00.902785]: User Brittany Edwards sent spam message: 'Control age piece.'
INFO:root:[2021-05-29 20:52:06.687654]: User Paul Brown sent spam message: 'Add staff red find.'
INFO:root:[2021-05-29 20:52:08.951030]: User Timothy Walker sent spam message: 'Worker difficult political get race brother.'
INFO:root:[2021-05-29 20:52:12.978574]: User Cheryl Farrell sent spam message: 'Take college prove.'
INFO:root:[2021-05-29 20:52:17.010184]: User Brittany Edwards sent spam message: 'Population follow suddenly prepare paper.'
INFO:root:[2021-05-29 20:52:18.726020]: User Cheryl Farrell sent spam message: 'Film inside growth.'
INFO:root:[2021-05-29 20:52:21.027196]: User Timothy Walker sent spam message: 'Community nothing tend mind speech.'
INFO:root:[2021-05-29 20:52:27.060132]: User Brittany Edwards sent spam message: 'Go thought wife actually.'
INFO:root:[2021-05-29 20:52:30.761091]: User Timothy Walker sent spam message: 'Wife value choose three someone.'
INFO:root:[2021-05-29 20:52:33.094634]: User April Cross sent spam message: 'Success rock begin work.'
INFO:root:[2021-05-29 20:52:34.870561]: User Cheryl Farrell sent spam message: 'Standard wait official source year score above.'
INFO:root:[2021-05-29 20:52:36.784775]: User Brittany Edwards sent spam message: 'Statement central foot exactly.'
INFO:root:[2021-05-29 20:52:39.122188]: User Timothy Walker sent spam message: 'How girl couple.'
INFO:root:[2021-05-29 20:52:39.790272]: User Cheryl Farrell sent spam message: 'How with local too land.'
INFO:root:[2021-05-29 20:52:39.882850]: User Paul Brown sent spam message: 'Door police might bring church.'
INFO:root:[2021-05-29 20:52:44.898802]: User Christopher Ellis sent spam message: 'Mean water budget station.'
INFO:root:[2021-05-29 20:52:47.150979]: User Randall Duncan sent spam message: 'Serious change only figure.'
INFO:root:[2021-05-29 20:52:48.830169]: User Timothy Walker sent spam message: 'Difference bank remember nothing deep week.'
INFO:root:[2021-05-29 20:52:49.171769]: User Michael Kelly sent spam message: 'Floor value respond could.'
INFO:root:[2021-05-29 20:52:49.914117]: User April Cross sent spam message: 'You particular ask since control authority.'
INFO:root:[2021-05-29 20:52:51.187990]: User Cheryl Farrell sent spam message: 'Out expert physical technology party.'
INFO:root:[2021-05-29 20:52:54.933748]: User Cheryl Farrell sent spam message: 'Financial reduce book.'
INFO:root:[2021-05-29 20:52:59.950962]: User Cheryl Farrell sent spam message: 'Big production family yeah.'
INFO:root:[2021-05-29 20:53:01.244066]: User Timothy Walker sent spam message: 'You movement attorney music.'
INFO:root:[2021-05-29 20:53:04.968184]: User Paul Brown sent spam message: 'Growth true and other.'
INFO:root:[2021-05-29 20:53:05.266744]: User Cheryl Farrell sent spam message: 'Choice other positive.'
INFO:root:[2021-05-29 20:53:07.279153]: User Cheryl Farrell sent spam message: 'Table north thousand property option.'
INFO:root:[2021-05-29 20:53:09.300038]: User Elizabeth Garcia sent spam message: 'Rate somebody house air.'
INFO:root:[2021-05-29 20:53:11.308932]: User April Cross sent spam message: 'Statement health early provide.'
INFO:root:[2021-05-29 20:53:12.937990]: User Randall Duncan sent spam message: 'Born federal build.'
INFO:root:[2021-05-29 20:53:18.959207]: User Cheryl Farrell sent spam message: 'Design magazine sense.'
INFO:root:[2021-05-29 20:53:19.359996]: User Timothy Walker sent spam message: 'Exist physical environmental forward think.'
INFO:root:[2021-05-29 20:53:21.372719]: User Cheryl Farrell sent spam message: 'Activity west phone officer.'
INFO:root:[2021-05-29 20:53:21.965846]: User Paul Brown sent spam message: 'Last area fish idea stage.'
INFO:root:[2021-05-29 20:53:24.981713]: User Cheryl Farrell sent spam message: 'Involve choice inside foot.'
INFO:root:[2021-05-29 20:53:25.028183]: User Katherine Bowman sent spam message: 'Enough better hold thus religious.'
INFO:root:[2021-05-29 20:53:25.399317]: User April Cross sent spam message: 'Today poor benefit decision doctor.'
INFO:root:[2021-05-29 20:53:27.413779]: User Cheryl Farrell sent spam message: 'But edge two alone sea.'
INFO:root:[2021-05-29 20:53:27.989846]: User Timothy Walker sent spam message: 'Structure knowledge Republican however together.'
INFO:root:[2021-05-29 20:53:29.428747]: User Cheryl Farrell sent spam message: 'Rise church good magazine oil ahead.'
INFO:root:[2021-05-29 20:53:30.047672]: User Paul Brown sent spam message: 'Wall Congress scientist race science color.'
INFO:root:[2021-05-29 20:53:31.008201]: User Christopher Ellis sent spam message: 'Remember statement particularly idea save.'
INFO:root:[2021-05-29 20:53:31.440956]: User Timothy Walker sent spam message: 'Business phone add worker especially.'
INFO:root:[2021-05-29 20:53:39.482832]: User Michael Kelly sent spam message: 'Team method anyone hear wind.'
INFO:root:[2021-05-29 20:53:40.077886]: User April Cross sent spam message: 'Experience person of vote.'
INFO:root:[2021-05-29 20:53:41.500938]: User Paul Brown sent spam message: 'Hit garden chance.'
INFO:root:[2021-05-29 20:53:43.048083]: User Cheryl Farrell sent spam message: 'Ready question continue artist enjoy billion.'
INFO:root:[2021-05-29 20:53:46.053539]: User Timothy Walker sent spam message: 'Big brother official.'
INFO:root:[2021-05-29 20:53:50.109334]: User Christopher Ellis sent spam message: 'Show team as.'
INFO:root:[2021-05-29 20:53:55.081146]: User Cheryl Farrell sent spam message: 'Return also wish second administration.'
INFO:root:[2021-05-29 20:53:55.126682]: User Brittany Edwards sent spam message: 'Voice bit school allow.'
INFO:root:[2021-05-29 20:53:55.575994]: User Cheryl Farrell sent spam message: 'Glass international prevent her behind.'
INFO:root:[2021-05-29 20:53:57.585798]: User Cheryl Farrell sent spam message: 'Democratic any decision computer behind base.'
INFO:root:[2021-05-29 20:53:59.598811]: User Brittany Edwards sent spam message: 'Enjoy where market could than.'
INFO:root:[2021-05-29 20:54:04.115676]: User April Cross sent spam message: 'Serve mission between charge kitchen visit.'
INFO:root:[2021-05-29 20:54:05.643887]: User Timothy Walker sent spam message: 'Discussion people service moment it affect.'
INFO:root:[2021-05-29 20:54:07.129623]: User Michael Kelly sent spam message: 'Among way health.'
INFO:root:[2021-05-29 20:54:09.663768]: User Timothy Walker sent spam message: 'Surface into together blood.'
INFO:root:[2021-05-29 20:54:10.147828]: User Cheryl Farrell sent spam message: 'Building determine data candidate deep.'
INFO:root:[2021-05-29 20:54:13.166837]: User Paul Brown sent spam message: 'Pay sing strong card course.'
INFO:root:[2021-05-29 20:54:15.174158]: User Cheryl Farrell sent spam message: 'Lead mother service wish key.'
INFO:root:[2021-05-29 20:54:15.678144]: User Timothy Walker sent spam message: 'Service at day friend see really.'
INFO:root:[2021-05-29 20:54:16.174519]: User Cheryl Farrell sent spam message: 'American actually parent.'
INFO:root:[2021-05-29 20:54:17.691329]: User Christopher Ellis sent spam message: 'Study author prevent choice.'
INFO:root:[2021-05-29 20:54:20.181500]: User Paul Brown sent spam message: 'And nor painting worker above.'
INFO:root:[2021-05-29 20:54:22.210008]: User Brittany Edwards sent spam message: 'Director law fear.'
INFO:root:[2021-05-29 20:54:25.200596]: User Timothy Walker sent spam message: 'Economic speech note and.'
INFO:root:[2021-05-29 20:54:25.739884]: User Elizabeth Garcia sent spam message: 'Certainly day PM card choice travel.'
INFO:root:[2021-05-29 20:54:31.250836]: User Timothy Walker sent spam message: 'Hard might important.'
INFO:root:[2021-05-29 20:54:31.776455]: User Brittany Edwards sent spam message: 'About establish yourself most history six.'
INFO:root:[2021-05-29 20:54:33.793301]: User Christopher Ellis sent spam message: 'Remain lose recent each.'
INFO:root:[2021-05-29 20:54:34.261492]: User Cheryl Farrell sent spam message: 'South activity public truth cultural measure.'
INFO:root:[2021-05-29 20:54:40.232067]: User Paul Brown sent spam message: 'Building all and effort life but.'
INFO:root:[2021-05-29 20:54:40.279827]: User Brittany Edwards sent spam message: 'She year product should finish.'
INFO:root:[2021-05-29 20:54:41.828033]: User Cheryl Farrell sent spam message: 'Similar once thus type.'
INFO:root:[2021-05-29 20:54:43.287964]: User Paul Brown sent spam message: 'Key want recent better.'
INFO:root:[2021-05-29 20:54:45.242407]: User Timothy Walker sent spam message: 'Two goal simply.'
INFO:root:[2021-05-29 20:54:45.648783]: User Marisa Woodward signed in
INFO:root:[2021-05-29 20:54:45.711965]: User James Young signed in
INFO:root:[2021-05-29 20:54:45.788953]: User Sonia Barron signed in
INFO:root:[2021-05-29 20:54:45.862952]: User Mackenzie Wise signed in
INFO:root:[2021-05-29 20:54:45.863948]: User Cheryl Farrell sent spam message: 'It quickly manager.'
INFO:root:[2021-05-29 20:54:45.929949]: User Mariah Watson signed in
INFO:root:[2021-05-29 20:54:46.020949]: User Mrs. Michelle Jacobs MD signed in
INFO:root:[2021-05-29 20:54:46.095950]: User Calvin Anderson signed in
INFO:root:[2021-05-29 20:54:46.168077]: User Michael Lin signed in
INFO:root:[2021-05-29 20:54:46.235593]: User Kelly Gonzalez signed in
INFO:root:[2021-05-29 20:54:46.300832]: User Katherine Bowman sent spam message: 'Stock break question cold election.'
INFO:root:[2021-05-29 20:54:47.872623]: User Brittany Edwards sent spam message: 'Research position church training despite clearly.'
INFO:root:[2021-05-29 20:54:48.356306]: User Bradley Lopez signed in
INFO:root:[2021-05-29 20:54:48.426336]: User Heather Jones signed in
INFO:root:[2021-05-29 20:54:48.494333]: User Becky Hill signed in
INFO:root:[2021-05-29 20:54:48.564369]: User Jared Wilkerson signed in
INFO:root:[2021-05-29 20:54:48.639336]: User Mark Cox signed in
INFO:root:[2021-05-29 20:54:48.704332]: User Larry Carter signed in
INFO:root:[2021-05-29 20:54:48.769577]: User Linda Graham signed in
INFO:root:[2021-05-29 20:54:48.844862]: User Michelle Bautista signed in
INFO:root:[2021-05-29 20:54:48.919861]: User Susan Hurst signed in
INFO:root:[2021-05-29 20:54:48.984857]: User Michael Simmons signed in
INFO:root:[2021-05-29 20:54:49.065857]: User Michelle Mayer signed in
INFO:root:[2021-05-29 20:54:49.134858]: User Sarah Carrillo signed in
INFO:root:[2021-05-29 20:54:49.204861]: User Zachary Taylor signed in
INFO:root:[2021-05-29 20:54:49.269537]: User Bryan Robinson signed in
INFO:root:[2021-05-29 20:54:49.343343]: User Janet Robertson signed in
INFO:root:[2021-05-29 20:54:49.408337]: User Steven Frederick signed in
INFO:root:[2021-05-29 20:54:49.474335]: User Justin Lyons signed in
INFO:root:[2021-05-29 20:54:49.543334]: User Michelle Snyder MD signed in
INFO:root:[2021-05-29 20:54:49.613336]: User Jerry Murphy signed in
INFO:root:[2021-05-29 20:54:49.706335]: User Tina Smith signed in
INFO:root:[2021-05-29 20:54:49.776983]: User Alicia Ruiz signed in
INFO:root:[2021-05-29 20:54:49.844891]: User Natasha Acevedo signed in
INFO:root:[2021-05-29 20:54:49.882895]: User Christopher Ellis sent spam message: 'Position black star.'
INFO:root:[2021-05-29 20:54:49.934890]: User Oscar Lee signed in
INFO:root:[2021-05-29 20:54:50.027891]: User Taylor Aguilar signed in
INFO:root:[2021-05-29 20:54:50.094890]: User Janice Freeman signed in
INFO:root:[2021-05-29 20:54:50.165891]: User Jeffery Smith signed in
INFO:root:[2021-05-29 20:54:50.238893]: User Jeremy Wilson signed in
INFO:root:[2021-05-29 20:54:50.258129]: User Timothy Walker sent spam message: 'Effort cup when road.'
INFO:root:[2021-05-29 20:54:50.313958]: User Gerald Cantu signed in
INFO:root:[2021-05-29 20:54:50.384958]: User Destiny Hunt signed in
INFO:root:[2021-05-29 20:54:50.452959]: User Kenneth Whitehead signed in
INFO:root:[2021-05-29 20:54:50.519958]: User Brian Clarke signed in
INFO:root:[2021-05-29 20:54:50.588963]: User Michael Fisher signed in
INFO:root:[2021-05-29 20:54:50.658960]: User Rodney Rush signed in
INFO:root:[2021-05-29 20:54:50.735958]: User Anthony Edwards signed in
INFO:root:[2021-05-29 20:54:50.821958]: User Jesse White signed in
INFO:root:[2021-05-29 20:54:50.905438]: User Donna Young signed in
INFO:root:[2021-05-29 20:54:50.987438]: User Lori Reed signed in
INFO:root:[2021-05-29 20:54:51.057143]: User Steve Mcdaniel signed in
INFO:root:[2021-05-29 20:54:51.123695]: User Joshua Davis signed in
INFO:root:[2021-05-29 20:54:51.200075]: User Andrew Hayes signed in
INFO:root:[2021-05-29 20:54:51.272413]: User David Wade signed in
INFO:root:[2021-05-29 20:54:51.339060]: User Jennifer Barry signed in
INFO:root:[2021-05-29 20:54:51.406669]: User Yvonne Johnson signed in
INFO:root:[2021-05-29 20:54:51.479667]: User Darryl Foley signed in
INFO:root:[2021-05-29 20:54:51.551668]: User Candice Costa signed in
INFO:root:[2021-05-29 20:54:51.624668]: User James Hernandez signed in
INFO:root:[2021-05-29 20:54:51.698667]: User Robin Sanders signed in
INFO:root:[2021-05-29 20:54:51.779667]: User Michelle Garrison signed in
INFO:root:[2021-05-29 20:54:51.860981]: User Jason Allen signed in
INFO:root:[2021-05-29 20:54:51.937022]: User Tommy Lowe signed in
INFO:root:[2021-05-29 20:54:52.026985]: User Steve Santiago signed in
INFO:root:[2021-05-29 20:54:52.104982]: User Anthony Weber signed in
INFO:root:[2021-05-29 20:54:52.171986]: User Adam Ortiz signed in
INFO:root:[2021-05-29 20:54:52.257982]: User Lawrence Pacheco signed in
INFO:root:[2021-05-29 20:54:52.343964]: User Frank Baker signed in
INFO:root:[2021-05-29 20:54:52.430929]: User Keith Kim signed in
INFO:root:[2021-05-29 20:54:52.517929]: User Joshua Ruiz signed in
INFO:root:[2021-05-29 20:54:52.592934]: User Curtis Martin signed in
INFO:root:[2021-05-29 20:54:52.674930]: User Joseph Marquez signed in
INFO:root:[2021-05-29 20:54:52.774931]: User Stephen Rodgers signed in
INFO:root:[2021-05-29 20:54:52.886662]: User Tanya Rosales signed in
INFO:root:[2021-05-29 20:54:52.989190]: User Daniel Brown signed in
INFO:root:[2021-05-29 20:54:53.079188]: User Isaac Gardner signed in
INFO:root:[2021-05-29 20:54:53.149186]: User David Knight signed in
INFO:root:[2021-05-29 20:54:53.232188]: User Brian Hardy signed in
INFO:root:[2021-05-29 20:54:53.324187]: User Margaret Simmons signed in
INFO:root:[2021-05-29 20:54:53.400702]: User Jessica Boyd signed in
INFO:root:[2021-05-29 20:54:53.480641]: User Nathan Robinson signed in
INFO:root:[2021-05-29 20:54:53.556452]: User Theresa Dominguez signed in
INFO:root:[2021-05-29 20:54:53.692039]: User Stephen Berry signed in
INFO:root:[2021-05-29 20:54:53.780097]: User Jessica Hill signed in
INFO:root:[2021-05-29 20:54:53.884630]: User Erin Norris signed in
INFO:root:[2021-05-29 20:54:53.898628]: User Randall Duncan sent spam message: 'Government rest rule.'
INFO:root:[2021-05-29 20:54:53.967751]: User Alex Hayes signed in
INFO:root:[2021-05-29 20:54:54.081789]: User Karen Lee signed in
INFO:root:[2021-05-29 20:54:54.220791]: User Allison Strong signed in
INFO:root:[2021-05-29 20:54:54.331791]: User Jonathan Figueroa signed in
INFO:root:[2021-05-29 20:54:54.475603]: User Virginia Tran PhD signed in
INFO:root:[2021-05-29 20:54:54.611328]: User David King signed in
INFO:root:[2021-05-29 20:54:54.721816]: User Laurie Miller signed in
INFO:root:[2021-05-29 20:54:54.813866]: User Gail Dunn signed in
INFO:root:[2021-05-29 20:54:54.923120]: User Daniel Cooper signed in
INFO:root:[2021-05-29 20:54:55.087841]: User Jonathan Chavez signed in
INFO:root:[2021-05-29 20:54:55.212821]: User Jeffrey White signed in
INFO:root:[2021-05-29 20:54:55.276819]: User April Cross sent spam message: 'Describe senior best.'
INFO:root:[2021-05-29 20:54:55.427279]: User Sarah Johnson signed in
INFO:root:[2021-05-29 20:54:55.591909]: User Alicia Johnson signed in
INFO:root:[2021-05-29 20:54:55.759909]: User Diana Collins signed in
INFO:root:[2021-05-29 20:54:55.909670]: User Dominique Bruce signed in
INFO:root:[2021-05-29 20:54:56.095732]: User Haley Valenzuela signed in
INFO:root:[2021-05-29 20:54:57.923659]: User Cheryl Farrell sent spam message: 'Range store social.'
INFO:root:[2021-05-29 20:54:58.340525]: User Paul Brown sent spam message: 'Account leave down list such prevent.'
INFO:root:[2021-05-29 20:54:59.936091]: User Brittany Edwards sent spam message: 'Certain minute name rule example coach.'
INFO:root:[2021-05-29 20:55:01.354466]: User Cheryl Farrell sent spam message: 'System real central.'
INFO:root:[2021-05-29 20:55:03.966056]: User Christopher Ellis sent spam message: 'Mrs arm none skin sister phone.'
INFO:root:[2021-05-29 20:55:04.373155]: User Cheryl Farrell sent spam message: 'Return medical read couple wish.'
INFO:root:[2021-05-29 20:55:05.985306]: User April Cross sent spam message: 'Single case worry.'
INFO:root:[2021-05-29 20:55:07.388763]: User Cheryl Farrell sent spam message: 'Million medical later student.'
INFO:root:[2021-05-29 20:55:12.008979]: User Cheryl Farrell sent spam message: 'He again begin source.'
INFO:root:[2021-05-29 20:55:13.402308]: User Paul Brown sent spam message: 'Week talk throw.'
INFO:root:[2021-05-29 20:55:14.022068]: User Katherine Bowman sent spam message: 'Material sport exist.'
INFO:root:[2021-05-29 20:55:18.036517]: User April Cross sent spam message: 'Your information price believe.'
INFO:root:[2021-05-29 20:55:20.052573]: User Michael Kelly sent spam message: 'Operation song window.'
INFO:root:[2021-05-29 20:55:22.066364]: User Timothy Walker sent spam message: 'Check who job indicate member fall.'
INFO:root:[2021-05-29 20:55:22.440005]: User Cheryl Farrell sent spam message: 'Organization employee fall traditional decision more.'
INFO:root:[2021-05-29 20:55:24.072643]: User Christopher Ellis sent spam message: 'Loss apply old.'
INFO:root:[2021-05-29 20:55:25.450366]: User Cheryl Farrell sent spam message: 'Talk fill million tend specific itself.'
INFO:root:[2021-05-29 20:55:26.084027]: User Cheryl Farrell sent spam message: 'Mission we reveal now.'
INFO:root:[2021-05-29 20:55:28.103084]: User Paul Brown sent spam message: 'Federal reason late seek debate.'
INFO:root:[2021-05-29 20:55:28.462528]: User Brittany Edwards sent spam message: 'Sell street compare former pull lawyer.'
INFO:root:[2021-05-29 20:55:30.121883]: User Cheryl Farrell sent spam message: 'There team identify.'
INFO:root:[2021-05-29 20:55:30.338865]: User Timothy Walker sent spam message: 'Letter production rather idea.'
INFO:root:[2021-05-29 20:55:32.138958]: User Cheryl Farrell sent spam message: 'Beat local finally life few social.'
INFO:root:[2021-05-29 20:55:34.484260]: User Paul Brown sent spam message: 'Direction for later today mind fear me.'
INFO:root:[2021-05-29 20:55:37.496260]: User Christopher Ellis sent spam message: 'State art yes eat trade.'
INFO:root:[2021-05-29 20:55:40.513673]: User Paul Brown sent spam message: 'Perhaps less success baby car.'
INFO:root:[2021-05-29 20:55:44.223004]: User April Cross sent spam message: 'Voice audience over term.'
INFO:root:[2021-05-29 20:55:48.255046]: User Cheryl Farrell sent spam message: 'Serve send not church.'
INFO:root:[2021-05-29 20:55:50.270709]: User Cheryl Farrell sent spam message: 'Meeting story doctor technology.'
INFO:root:[2021-05-29 20:55:52.553288]: User Timothy Walker sent spam message: 'Other may nature.'
INFO:root:[2021-05-29 20:55:55.389488]: User Christopher Ellis sent spam message: 'Prevent turn she factor child western.'
INFO:root:[2021-05-29 20:55:56.315241]: User Linda Graham sent spam message: 'National little ask.'
INFO:root:[2021-05-29 20:55:58.326589]: User Sonia Barron sent spam message: 'Business beat five wind high condition.'
INFO:root:[2021-05-29 20:55:58.560682]: User Jerry Murphy sent spam message: 'Go fish job role.'
INFO:root:[2021-05-29 20:56:00.339931]: User Jeffery Smith sent spam message: 'Read us street I economy word.'
INFO:root:[2021-05-29 20:56:04.364623]: User Michael Fisher sent spam message: 'Challenge interesting training.'
INFO:root:[2021-05-29 20:56:04.582778]: User Brian Clarke sent spam message: 'Will try push finally sense.'
INFO:root:[2021-05-29 20:56:06.376119]: User Tina Smith sent spam message: 'Character relationship night our far every.'
INFO:root:[2021-05-29 20:56:07.592800]: User Anthony Edwards sent spam message: 'Generation choice factor item night.'
INFO:root:[2021-05-29 20:56:10.601026]: User Steve Mcdaniel sent spam message: 'Tend into rest.'
INFO:root:[2021-05-29 20:56:12.400655]: User Jennifer Barry sent spam message: 'Rise toward scene.'
INFO:root:[2021-05-29 20:56:15.418927]: User Yvonne Johnson sent spam message: 'Land authority kitchen if walk.'
INFO:root:[2021-05-29 20:56:18.444168]: User Linda Graham sent spam message: 'Country but audience.'
INFO:root:[2021-05-29 20:56:19.632994]: User Sonia Barron sent spam message: 'Purpose total eat walk set effect.'
INFO:root:[2021-05-29 20:56:20.427383]: User Tina Smith sent spam message: 'Option woman move sense soldier mission.'
INFO:root:[2021-05-29 20:56:20.455382]: User Mariah Watson sent spam message: 'Third task form public rich hit.'
INFO:root:[2021-05-29 20:56:24.472211]: User Janice Freeman sent spam message: 'Under become break figure.'
INFO:root:[2021-05-29 20:56:25.435856]: User Anthony Weber sent spam message: 'Themselves front employee pay these.'
INFO:root:[2021-05-29 20:56:26.477362]: User Zachary Taylor sent spam message: 'Story song above wide.'
INFO:root:[2021-05-29 20:56:26.548177]: User Michele Cain signed in
INFO:root:[2021-05-29 20:56:28.483110]: User Frank Baker sent spam message: 'There major production inside politics newspaper.'
INFO:root:[2021-05-29 20:56:28.657556]: User Jennifer Barry sent spam message: 'Newspaper fish moment color money.'
INFO:root:[2021-05-29 20:56:30.452469]: User Lawrence Pacheco sent spam message: 'Stay we point.'
INFO:root:[2021-05-29 20:56:30.497334]: User Keith Kim sent spam message: 'Sister much question religious.'
INFO:root:[2021-05-29 20:56:31.666442]: User Joshua Ruiz sent spam message: 'Matter these religious hundred.'
INFO:root:[2021-05-29 20:56:32.511761]: User James Young sent spam message: 'Meeting best its.'
INFO:root:[2021-05-29 20:56:34.519009]: User Alicia Ruiz sent spam message: 'Claim dream account avoid stop.'
INFO:root:[2021-05-29 20:56:34.686943]: User Tina Smith sent spam message: 'Key role remember.'
INFO:root:[2021-05-29 20:56:36.536465]: User Jesse White sent spam message: 'Reveal reality president data begin investment.'
INFO:root:[2021-05-29 20:56:37.696286]: User Mackenzie Wise sent spam message: 'Set environmental ask.'
INFO:root:[2021-05-29 20:56:38.544243]: User Susan Hurst sent spam message: 'Notice idea trip better guess author.'
INFO:root:[2021-05-29 20:56:40.564277]: User Janice Freeman sent spam message: 'Coach down seem face voice.'
INFO:root:[2021-05-29 20:56:44.590788]: User Jessica Boyd sent spam message: 'Possible probably data remain protect.'
INFO:root:[2021-05-29 20:56:48.612456]: User Darryl Foley sent spam message: 'Note thousand single bad middle activity.'
INFO:root:[2021-05-29 20:56:49.729054]: User Jared Wilkerson sent spam message: 'Nation change doctor across.'
INFO:root:[2021-05-29 20:56:50.479275]: User Nathan Robinson sent spam message: 'List without clearly discussion.'
INFO:root:[2021-05-29 20:56:55.764369]: User Sonia Barron sent spam message: 'Land capital ahead above capital spend.'
INFO:root:[2021-05-29 20:56:56.650702]: User Oscar Lee sent spam message: 'Onto either sell.'
INFO:root:[2021-05-29 20:56:58.658984]: User Janice Freeman sent spam message: 'Land real economy.'
INFO:root:[2021-05-29 20:56:58.782772]: User Steve Santiago sent spam message: 'Year sister federal shoulder.'
INFO:root:[2021-05-29 20:57:00.507741]: User Alex Hayes sent spam message: 'Partner clear today direction drug sense.'
INFO:root:[2021-05-29 20:57:04.673353]: User Jonathan Figueroa sent spam message: 'Technology hard son.'
INFO:root:[2021-05-29 20:57:04.813528]: User Jennifer Barry sent spam message: 'Value sell spring stage.'
INFO:root:[2021-05-29 20:57:07.833007]: User Keith Kim sent spam message: 'Democrat image conference task white.'
INFO:root:[2021-05-29 20:57:08.694402]: User Candice Costa sent spam message: 'Maybe consumer line that might.'
INFO:root:[2021-05-29 20:57:10.537563]: User Brian Clarke sent spam message: 'Lead character clear look his age surface.'
INFO:root:[2021-05-29 20:57:18.735913]: User Mrs. Michelle Jacobs MD sent spam message: 'Record account American result understand only.'
INFO:root:[2021-05-29 20:57:19.874081]: User Jonathan Chavez sent spam message: 'Law way other.'
INFO:root:[2021-05-29 20:57:20.555066]: User Daniel Cooper sent spam message: 'Decision reveal history value window.'
INFO:root:[2021-05-29 20:57:24.773040]: User Lawrence Pacheco sent spam message: 'Game court authority everyone.'
INFO:root:[2021-05-29 20:57:25.564160]: User Janice Freeman sent spam message: 'Kind everyone since half.'
INFO:root:[2021-05-29 20:57:25.906579]: User Jeffrey White sent spam message: 'White resource when.'
INFO:root:[2021-05-29 20:57:28.796727]: User Darryl Foley sent spam message: 'Rich the friend Mrs.'
INFO:root:[2021-05-29 20:57:30.581186]: User Yvonne Johnson sent spam message: 'Drug customer Congress future floor manage.'
INFO:root:[2021-05-29 20:57:34.825324]: User Diana Collins sent spam message: 'Everyone onto benefit.'
INFO:root:[2021-05-29 20:57:34.932954]: User Tina Smith sent spam message: 'Here life institution.'
INFO:root:[2021-05-29 20:57:38.861573]: User Alex Hayes sent spam message: 'Involve spend mention decide do later.'
INFO:root:[2021-05-29 20:57:40.595422]: User Sonia Barron sent spam message: 'Remain home example six responsibility teach.'
INFO:root:[2021-05-29 20:57:40.875148]: User Steve Santiago sent spam message: 'What cause also like debate fight.'
INFO:root:[2021-05-29 20:57:43.962257]: User Michelle Mayer sent spam message: 'Whose culture strong.'
INFO:root:[2021-05-29 20:57:46.911092]: User Jeremy Wilson sent spam message: 'Whatever impact represent his shake.'
INFO:root:[2021-05-29 20:57:46.972812]: User Adam Ortiz sent spam message: 'Surface model after bank development no.'
INFO:root:[2021-05-29 20:57:50.611247]: User Janice Freeman sent spam message: 'Western type life protect.'
INFO:root:[2021-05-29 20:57:50.937561]: User Jennifer Barry sent spam message: 'Let right it.'
INFO:root:[2021-05-29 20:57:52.944126]: User Keith Kim sent spam message: 'Sister manage win.'
INFO:root:[2021-05-29 20:57:54.961879]: User David King sent spam message: 'Good none whatever.'
INFO:root:[2021-05-29 20:57:56.779065]: User April Noble signed in
INFO:root:[2021-05-29 20:57:56.841070]: User Sarah Garrison signed in
INFO:root:[2021-05-29 20:57:56.982761]: User Stephen Rodgers sent spam message: 'Let give how.'
INFO:root:[2021-05-29 20:58:01.011539]: User Jesse White sent spam message: 'Responsibility society fill.'
INFO:root:[2021-05-29 20:58:05.023628]: User Daniel Brown sent spam message: 'Approach only catch.'
INFO:root:[2021-05-29 20:58:14.043937]: User Michelle Snyder MD sent spam message: 'Threat conference staff behind parent.'
INFO:root:[2021-05-29 20:58:19.112048]: User Mariah Watson sent spam message: 'Dream science might.'
INFO:root:[2021-05-29 20:58:20.062442]: User Oscar Lee sent spam message: 'Account read money song door.'
INFO:root:[2021-05-29 20:58:20.690692]: User Erin Norris sent spam message: 'Think cell research.'
INFO:root:[2021-05-29 20:58:21.128765]: User Lori Reed sent spam message: 'Former head agree apply reason fly.'
INFO:root:[2021-05-29 20:58:23.079865]: User Alex Hayes sent spam message: 'Computer note radio long might part.'
INFO:root:[2021-05-29 20:58:25.153618]: User Michael Lin sent spam message: 'Meeting government financial son day oil.'
INFO:root:[2021-05-29 20:58:25.703602]: User Calvin Anderson sent spam message: 'Stop player scene try else detail allow.'
INFO:root:[2021-05-29 20:58:27.169173]: User Allison Strong sent spam message: 'Condition material free report picture onto.'
INFO:root:[2021-05-29 20:58:29.094998]: User Zachary Taylor sent spam message: 'Executive of son natural.'
INFO:root:[2021-05-29 20:58:29.189424]: User Janet Robertson sent spam message: 'Fly need there step provide.'
INFO:root:[2021-05-29 20:58:30.714119]: User Kelly Gonzalez sent spam message: 'Sense activity national war consider situation.'
INFO:root:[2021-05-29 20:58:35.124300]: User Brian Clarke sent spam message: 'Tonight success begin scene usually.'
INFO:root:[2021-05-29 20:58:35.219098]: User Jared Wilkerson sent spam message: 'Nation similar decision threat run senior.'
INFO:root:[2021-05-29 20:58:35.720153]: User Gerald Cantu sent spam message: 'Stand expert plan.'
INFO:root:[2021-05-29 20:58:37.227258]: User Theresa Dominguez sent spam message: 'Owner which laugh its news.'
INFO:root:[2021-05-29 20:58:41.151225]: User Michelle Garrison sent spam message: 'As rock front happy individual.'
INFO:root:[2021-05-29 20:58:44.166797]: User Natasha Acevedo sent spam message: 'Call find notice language.'
INFO:root:[2021-05-29 20:58:49.285356]: User James Hernandez sent spam message: 'Last war hotel perform blood.'
INFO:root:[2021-05-29 20:58:50.749001]: User Michael Fisher sent spam message: 'Rock let already him mind.'
INFO:root:[2021-05-29 20:58:51.298147]: User Stephen Berry sent spam message: 'Media method nation should particularly argue.'
INFO:root:[2021-05-29 20:58:55.326203]: User Jonathan Figueroa sent spam message: 'Meeting avoid instead cut.'
INFO:root:[2021-05-29 20:58:55.764067]: User Mackenzie Wise sent spam message: 'Toward likely write report.'
INFO:root:[2021-05-29 20:58:57.339056]: User Heather Jones sent spam message: 'Direction she purpose.'
INFO:root:[2021-05-29 20:58:59.221774]: User Rodney Rush sent spam message: 'Few will nearly town according.'
INFO:root:[2021-05-29 20:58:59.358595]: User Anthony Edwards sent spam message: 'Medical process choose between.'
INFO:root:[2021-05-29 20:59:02.228414]: User Tommy Lowe sent spam message: 'Research hundred wish.'
INFO:root:[2021-05-29 20:59:03.377473]: User Anthony Weber sent spam message: 'Economy social ground.'
INFO:root:[2021-05-29 20:59:05.386238]: User Sarah Johnson sent spam message: 'Open environmental never.'
INFO:root:[2021-05-29 20:59:05.790267]: User Steve Mcdaniel sent spam message: 'Drop thus between feeling training.'
INFO:root:[2021-05-29 20:59:07.392789]: User Alicia Johnson sent spam message: 'Less music receive Republican unit.'
INFO:root:[2021-05-29 20:59:11.265889]: User Frank Baker sent spam message: 'Police official main soon.'
INFO:root:[2021-05-29 20:59:13.432606]: User Laurie Miller sent spam message: 'Of happy against girl example.'
INFO:root:[2021-05-29 20:59:15.442324]: User Haley Valenzuela sent spam message: 'Gun avoid majority build have them.'
INFO:root:[2021-05-29 20:59:15.803778]: User Mrs. Michelle Jacobs MD sent spam message: 'Accept may song tonight Mr nice.'
INFO:root:[2021-05-29 20:59:20.296043]: User Sarah Garrison sent spam message: 'Edge score if high.'
INFO:root:[2021-05-29 20:59:21.475449]: User Michelle Mayer sent spam message: 'Nothing job edge cell.'
INFO:root:[2021-05-29 20:59:23.486312]: User Sonia Barron sent spam message: 'Everybody enter exactly.'
INFO:root:[2021-05-29 20:59:25.504537]: User Jennifer Barry sent spam message: 'Easy table why data hotel writer.'
INFO:root:[2021-05-29 20:59:29.341395]: User Jessica Hill sent spam message: 'Whatever himself old.'
INFO:root:[2021-05-29 20:59:29.529296]: User Tina Smith sent spam message: 'Door reveal outside young.'
INFO:root:[2021-05-29 20:59:32.360418]: User Michelle Mayer sent spam message: 'Either drive case free above reality.'
INFO:root:[2021-05-29 20:59:33.560682]: User Erin Norris sent spam message: 'Weight produce attack finish.'
INFO:root:[2021-05-29 20:59:35.373168]: User Janice Freeman sent spam message: 'Central thing alone future night very.'
INFO:root:[2021-05-29 20:59:37.588480]: User Sonia Barron sent spam message: 'Television street better.'
INFO:root:[2021-05-29 20:59:38.381516]: User Jesse White sent spam message: 'Effect town political plan analysis plan.'
INFO:root:[2021-05-29 20:59:39.601595]: User Darryl Foley sent spam message: 'Day word miss.'
INFO:root:[2021-05-29 20:59:40.867422]: User Yvonne Johnson sent spam message: 'Key work leg learn.'
INFO:root:[2021-05-29 20:59:44.404084]: User Michelle Snyder MD sent spam message: 'Life economy yet.'
INFO:root:[2021-05-29 20:59:49.667236]: User Tina Smith sent spam message: 'Pass test indicate discover court.'
INFO:root:[2021-05-29 20:59:51.685179]: User Michelle Mayer sent spam message: 'Drug involve impact land.'
INFO:root:[2021-05-29 20:59:55.705920]: User Tanya Rosales sent spam message: 'A exactly service three.'
INFO:root:[2021-05-29 20:59:56.443587]: User Alicia Ruiz sent spam message: 'Cover man coach.'
INFO:root:[2021-05-29 20:59:59.463410]: User Jason Allen sent spam message: 'Republican good hit letter dream serve.'
INFO:root:[2021-05-29 21:00:00.908105]: User Janice Freeman sent spam message: 'Material operation air allow according.'
INFO:root:[2021-05-29 21:00:03.763676]: User Diana Collins sent spam message: 'Yet cover history treat leg sound.'
INFO:root:[2021-05-29 21:00:05.926315]: User Jennifer Barry sent spam message: 'Doctor official happy sometimes forward prevent.'
INFO:root:[2021-05-29 21:00:07.775112]: User Gail Dunn sent spam message: 'Affect answer party.'
INFO:root:[2021-05-29 21:00:08.480035]: User Daniel Brown sent spam message: 'Call a rock.'
INFO:root:[2021-05-29 21:00:09.780055]: User Jessica Hill sent spam message: 'Statement small question billion.'
INFO:root:[2021-05-29 21:00:11.487843]: User Gerald Cantu sent spam message: 'Never at husband apply door bag.'
INFO:root:[2021-05-29 21:00:11.785815]: User Stephen Rodgers sent spam message: 'Strong set expert successful letter.'
INFO:root:[2021-05-29 21:00:13.800557]: User Erin Norris sent spam message: 'Billion magazine almost land civil.'
INFO:root:[2021-05-29 21:00:14.493464]: User Michelle Mayer sent spam message: 'Where fast ball represent scene.'
INFO:root:[2021-05-29 21:00:15.814271]: User James Hernandez sent spam message: 'Though imagine this.'
INFO:root:[2021-05-29 21:00:15.953254]: User Tina Smith sent spam message: 'Consumer too game.'
INFO:root:[2021-05-29 21:00:17.506589]: User Brian Clarke sent spam message: 'Management dinner political government relationship product.'
INFO:root:[2021-05-29 21:00:20.519658]: User Steven Frederick sent spam message: 'High just majority.'
INFO:root:[2021-05-29 21:00:23.529204]: User Keith Kim sent spam message: 'Individual Congress tell.'
INFO:root:[2021-05-29 21:00:31.003972]: User David King sent spam message: 'Doctor end worry Republican without.'
INFO:root:[2021-05-29 21:00:32.568954]: User Allison Strong sent spam message: 'President it arm address.'
INFO:root:[2021-05-29 21:00:35.578768]: User Adam Ortiz sent spam message: 'Never church pressure.'
INFO:root:[2021-05-29 21:00:37.928747]: User Mark Cox sent spam message: 'Politics street take during.'
INFO:root:[2021-05-29 21:00:41.029978]: User Jared Wilkerson sent spam message: 'Majority about whole as color company.'
INFO:root:[2021-05-29 21:00:43.957601]: User Janice Freeman sent spam message: 'Seek main against still billion in.'
INFO:root:[2021-05-29 21:00:46.045778]: User Tina Smith sent spam message: 'Share girl bar collection.'
INFO:root:[2021-05-29 21:00:47.979011]: User Jennifer Barry sent spam message: 'Return like pull.'
INFO:root:[2021-05-29 21:00:50.643299]: User Jessica Hill sent spam message: 'Size put school.'
INFO:root:[2021-05-29 21:00:53.653728]: User David Knight sent spam message: 'Popular meeting debate throughout quickly.'
INFO:root:[2021-05-29 21:00:56.030529]: User Margaret Simmons sent spam message: 'Star still ground person student.'
INFO:root:[2021-05-29 21:00:56.077526]: User Sarah Carrillo sent spam message: 'Challenge prove bar.'
INFO:root:[2021-05-29 21:00:58.043003]: User Kenneth Whitehead sent spam message: 'Use pass world guy.'
INFO:root:[2021-05-29 21:00:59.671395]: User Taylor Aguilar sent spam message: 'But join treat space.'
INFO:root:[2021-05-29 21:01:00.057974]: User Alicia Ruiz sent spam message: 'Sign do training her.'
INFO:root:[2021-05-29 21:01:01.096318]: User Jeremy Wilson sent spam message: 'Evidence religious call.'
INFO:root:[2021-05-29 21:01:02.683888]: User Heather Jones sent spam message: 'Central situation local.'
INFO:root:[2021-05-29 21:01:05.696682]: User Daniel Cooper sent spam message: 'Material candidate one will opportunity reduce.'
INFO:root:[2021-05-29 21:01:08.096501]: User Mariah Watson sent spam message: 'Itself friend institution.'
INFO:root:[2021-05-29 21:01:11.111859]: User Alicia Johnson sent spam message: 'Treatment space along account.'
INFO:root:[2021-05-29 21:01:12.117803]: User Linda Graham sent spam message: 'Already cut power.'
INFO:root:[2021-05-29 21:01:14.135713]: User Michelle Mayer sent spam message: 'Everyone us cold.'
INFO:root:[2021-05-29 21:01:14.724181]: User Dominique Bruce sent spam message: 'Find not eight director.'
INFO:root:[2021-05-29 21:01:16.117905]: User Zachary Taylor sent spam message: 'Trade watch rich each camera.'
INFO:root:[2021-05-29 21:01:18.156700]: User Steve Santiago sent spam message: 'Green heavy road.'
INFO:root:[2021-05-29 21:01:20.742478]: User Darryl Foley sent spam message: 'Room degree third when.'
INFO:root:[2021-05-29 21:01:21.131571]: User Sarah Garrison sent spam message: 'Cold four her reality seem soon role.'
INFO:root:[2021-05-29 21:01:23.764968]: User David King sent spam message: 'Discussion security mention.'
INFO:root:[2021-05-29 21:01:24.182274]: User Jesse White sent spam message: 'City small sound including happen which.'
INFO:root:[2021-05-29 21:01:26.148989]: User Alex Hayes sent spam message: 'Reach house wonder.'
INFO:root:[2021-05-29 21:01:26.786673]: User Destiny Hunt sent spam message: 'Brother lay east tax make.'
INFO:root:[2021-05-29 21:01:29.801594]: User Erin Norris sent spam message: 'Building song rule baby Democrat artist.'
INFO:root:[2021-05-29 21:01:30.203611]: User Diana Collins sent spam message: 'Believe perform why near.'
INFO:root:[2021-05-29 21:01:32.819559]: User Adam Ortiz sent spam message: 'Glass catch such lot.'
INFO:root:[2021-05-29 21:01:34.231378]: User Lori Reed sent spam message: 'Home door expert rule eat.'
INFO:root:[2021-05-29 21:01:36.241601]: User Mackenzie Wise sent spam message: 'Organization major item movement green I.'
INFO:root:[2021-05-29 21:01:38.849741]: User James Young sent spam message: 'Religious modern evidence senior three.'
INFO:root:[2021-05-29 21:01:40.278201]: User Donna Young sent spam message: 'Try deal since.'
INFO:root:[2021-05-29 21:01:41.188470]: User Marisa Woodward sent spam message: 'Push often good.'
INFO:root:[2021-05-29 21:01:46.196910]: User Michelle Mayer sent spam message: 'Follow buy effort result necessary.'
INFO:root:[2021-05-29 21:01:48.324476]: User Janice Freeman sent spam message: 'Writer people lawyer treat family.'
